<?xml version="1.0" encoding="UTF-8"?>
<!-- Generated by org.testng.reporters.JUnitReportReporter -->
<testsuite skipped="0" hostname="FAI-BLR04L1349" name="com.sdetrestapi.employee.testCases.TC001_GET_All_EMPLOYEEE" tests="9" failures="0" timestamp="2020-05-06T00:59:43 IST" time="0.139" errors="0">
  <testcase name="checkServerType" time="0.004" classname="com.sdetrestapi.employee.testCases.TC001_GET_All_EMPLOYEEE"/>
  <system-out/>
  <testcase name="checkcontentEncoding" time="0.003" classname="com.sdetrestapi.employee.testCases.TC001_GET_All_EMPLOYEEE"/>
  <system-out/>
  <testcase name="checkstatusLine" time="0.001" classname="com.sdetrestapi.employee.testCases.TC001_GET_All_EMPLOYEEE"/>
  <system-out/>
  <testcase name="checkStatusCode" time="0.005" classname="com.sdetrestapi.employee.testCases.TC001_GET_All_EMPLOYEEE"/>
  <system-out/>
  <testcase name="checkcontentLenght" time="0.005" classname="com.sdetrestapi.employee.testCases.TC001_GET_All_EMPLOYEEE"/>
  <system-out/>
  <testcase name="checkResponseTime" time="0.008" classname="com.sdetrestapi.employee.testCases.TC001_GET_All_EMPLOYEEE"/>
  <system-out/>
  <testcase name="checkCookies" time="0.003" classname="com.sdetrestapi.employee.testCases.TC001_GET_All_EMPLOYEEE"/>
  <system-out/>
  <testcase name="checkContentType" time="0.014" classname="com.sdetrestapi.employee.testCases.TC001_GET_All_EMPLOYEEE"/>
  <system-out/>
  <testcase name="checkResponseBody" time="0.096" classname="com.sdetrestapi.employee.testCases.TC001_GET_All_EMPLOYEEE"/>
  <system-out/>
</testsuite> <!-- com.sdetrestapi.employee.testCases.TC001_GET_All_EMPLOYEEE -->
