<?xml version="1.0" encoding="UTF-8"?>
<!-- Generated by org.testng.reporters.JUnitReportReporter -->
<testsuite skipped="0" hostname="FAI-BLR04L1349" name="com.sdetrestapi.employee.testCases.TC003_POST_EMPLOYEE_RECORD" tests="5" failures="0" timestamp="2020-05-06T00:59:43 IST" time="0.009" errors="0">
  <testcase name="checkStatusCode" time="0.001" classname="com.sdetrestapi.employee.testCases.TC003_POST_EMPLOYEE_RECORD"/>
  <system-out/>
  <testcase name="checkServerType" time="0.002" classname="com.sdetrestapi.employee.testCases.TC003_POST_EMPLOYEE_RECORD"/>
  <system-out/>
  <testcase name="checkContentType" time="0.001" classname="com.sdetrestapi.employee.testCases.TC003_POST_EMPLOYEE_RECORD"/>
  <system-out/>
  <testcase name="checkStatusLine" time="0.001" classname="com.sdetrestapi.employee.testCases.TC003_POST_EMPLOYEE_RECORD"/>
  <system-out/>
  <testcase name="checkResponseBody" time="0.004" classname="com.sdetrestapi.employee.testCases.TC003_POST_EMPLOYEE_RECORD"/>
  <system-out/>
</testsuite> <!-- com.sdetrestapi.employee.testCases.TC003_POST_EMPLOYEE_RECORD -->
